0.000020 0.000023
0.000040 0.000105
0.000060 0.000248
0.000080 0.000450
0.000100 0.000712
0.000120 0.001034
0.000140 0.001416
0.000160 0.001858
0.000180 0.002359
0.000200 0.002920
0.000220 0.003540
0.000240 0.004220
0.000260 0.004960
0.000280 0.005759
0.000300 0.006618
0.000320 0.007537
0.000340 0.008514
0.000360 0.009551
0.000380 0.010648
0.000400 0.011804
0.000420 0.013019
0.000440 0.014293
0.000460 0.015626
0.000480 0.017019
0.000500 0.018471
0.000520 0.019982
0.000540 0.021552
0.000560 0.023181
0.000580 0.024869
0.000600 0.026616
0.000620 0.028422
0.000640 0.030287
0.000660 0.032211
0.000680 0.034193
0.000700 0.036235
0.000720 0.038335
0.000740 0.040494
0.000760 0.042711
0.000780 0.044988
0.000800 0.047322
0.000820 0.049716
0.000840 0.052168
0.000860 0.054678
0.000880 0.057247
0.000900 0.059874
0.000920 0.062560
0.000940 0.065304
0.000960 0.068107
0.000980 0.070968
0.001000 0.073887
0.001020 0.076864
0.001040 0.079899
0.001060 0.082993
0.001080 0.086145
0.001100 0.089355
0.001120 0.092623
0.001140 0.095948
0.001160 0.099332
0.001180 0.102774
0.001200 0.106274
0.001220 0.109832
0.001240 0.113447
0.001260 0.117121
0.001280 0.120852
0.001300 0.124641
0.001320 0.128487
0.001340 0.132391
0.001360 0.136353
0.001380 0.140373
0.001400 0.144450
0.001420 0.148584
0.001440 0.152776
0.001460 0.157026
0.001480 0.161333
0.001500 0.165697
0.001520 0.170119
0.001540 0.174598
0.001560 0.179135
0.001580 0.183728
0.001600 0.188379
0.001620 0.193087
0.001640 0.197852
0.001660 0.202675
0.001680 0.207554
0.001700 0.212491
0.001720 0.217484
0.001740 0.222535
0.001760 0.227642
0.001780 0.232807
0.001800 0.238028
0.001820 0.243306
0.001840 0.248641
0.001860 0.254033
0.001880 0.259481
0.001900 0.264986
0.001920 0.270548
0.001940 0.276166
0.001960 0.281842
0.001980 0.287573
0.002000 0.293361
0.002020 0.299206
0.002040 0.305107
0.002060 0.311065
0.002080 0.317079
0.002100 0.323150
0.002120 0.329276
0.002140 0.335459
0.002160 0.341699
0.002180 0.347994
0.002200 0.354346
0.002220 0.360754
0.002240 0.367218
0.002260 0.373738
0.002280 0.380315
0.002300 0.386947
0.002320 0.393635
0.002340 0.400380
0.002360 0.407180
0.002380 0.414036
0.002400 0.420948
0.002420 0.427916
0.002440 0.434940
0.002460 0.442019
0.002480 0.449154
0.002500 0.456345
0.002520 0.463591
0.002540 0.470894
0.002560 0.478251
0.002580 0.485665
0.002600 0.493134
0.002620 0.500658
0.002640 0.508238
0.002660 0.515873
0.002680 0.523564
0.002700 0.531310
0.002720 0.539111
0.002740 0.546968
0.002760 0.554880
0.002780 0.562847
0.002800 0.570869
0.002820 0.578947
0.002840 0.587080
0.002860 0.595267
0.002880 0.603510
0.002900 0.611808
0.002920 0.620161
0.002940 0.628569
0.002960 0.637032
0.002980 0.645550
0.003000 0.654122
0.003020 0.662750
0.003040 0.671432
0.003060 0.680169
0.003080 0.688961
0.003100 0.697807
0.003120 0.706708
0.003140 0.715664
0.003160 0.724674
0.003180 0.733739
0.003200 0.742859
0.003220 0.752033
0.003240 0.761261
0.003260 0.770544
0.003280 0.779882
0.003300 0.789274
0.003320 0.798720
0.003340 0.808220
0.003360 0.817775
0.003380 0.827384
0.003400 0.837047
0.003420 0.846764
0.003440 0.856536
0.003460 0.866361
0.003480 0.876241
0.003500 0.886175
0.003520 0.896163
0.003540 0.906205
0.003560 0.916300
0.003580 0.926450
0.003600 0.936654
0.003620 0.946911
0.003640 0.957222
0.003660 0.967587
0.003680 0.978006
0.003700 0.988479
0.003720 0.999005
0.003740 1.009585
0.003760 1.020218
0.003780 1.030906
0.003800 1.041646
0.003820 1.052441
0.003840 1.063288
0.003860 1.074190
0.003880 1.085144
0.003900 1.096152
0.003920 1.107214
0.003940 1.118329
0.003960 1.129497
0.003980 1.140718
0.004000 1.151993
0.004020 1.163321
0.004040 1.174702
0.004060 1.186136
0.004080 1.197624
0.004100 1.209164
0.004120 1.220758
0.004140 1.232404
0.004160 1.244104
0.004180 1.255856
0.004200 1.267662
0.004220 1.279520
0.004240 1.291431
0.004260 1.303395
0.004280 1.315412
0.004300 1.327482
0.004320 1.339604
0.004340 1.351779
0.004360 1.364007
0.004380 1.376288
0.004400 1.388621
0.004420 1.401006
0.004440 1.413444
0.004460 1.425935
0.004480 1.438478
0.004500 1.451074
0.004520 1.463722
0.004540 1.476422
0.004560 1.489175
0.004580 1.501980
0.004600 1.514838
0.004620 1.527748
0.004640 1.540709
0.004660 1.553724
0.004680 1.566790
0.004700 1.579908
0.004720 1.593079
0.004740 1.606302
0.004760 1.619577
0.004780 1.632903
0.004800 1.646282
0.004820 1.659713
0.004840 1.673195
0.004860 1.686730
0.004880 1.700316
0.004900 1.713954
0.004920 1.727645
0.004940 1.741386
0.004960 1.755180
0.004980 1.769025
0.005000 1.782922
0.005020 1.796871
0.005040 1.810871
0.005060 1.824923
0.005080 1.839026
0.005100 1.853181
0.005120 1.867387
0.005140 1.881645
0.005160 1.895954
0.005180 1.910315
0.005200 1.924727
0.005220 1.939190
0.005240 1.953705
0.005260 1.968271
0.005280 1.982888
0.005300 1.997556
0.005320 2.012276
0.005340 2.027046
0.005360 2.041868
0.005380 2.056741
0.005400 2.071665
0.005420 2.086640
0.005440 2.101666
0.005460 2.116743
0.005480 2.131871
0.005500 2.147050
0.005520 2.162279
0.005540 2.177560
0.005560 2.192891
0.005580 2.208274
0.005600 2.223706
0.005620 2.239190
0.005640 2.254724
0.005660 2.270309
0.005680 2.285945
0.005700 2.301631
0.005720 2.317368
0.005740 2.333155
0.005760 2.348993
0.005780 2.364882
0.005800 2.380820
0.005820 2.396810
0.005840 2.412849
0.005860 2.428939
0.005880 2.445079
0.005900 2.461270
0.005920 2.477511
0.005940 2.493802
0.005960 2.510143
0.005980 2.526535
0.006000 2.542977
0.006020 2.559468
0.006040 2.576010
0.006060 2.592602
0.006080 2.609244
0.006100 2.625936
0.006120 2.642678
0.006140 2.659470
0.006160 2.676312
0.006180 2.693203
0.006200 2.710145
0.006220 2.727136
0.006240 2.744177
0.006260 2.761268
0.006280 2.778409
0.006300 2.795599
0.006320 2.812839
0.006340 2.830128
0.006360 2.847468
0.006380 2.864856
0.006400 2.882295
0.006420 2.899783
0.006440 2.917320
0.006460 2.934907
0.006480 2.952543
0.006500 2.970229
0.006520 2.987964
0.006540 3.005748
0.006560 3.023582
0.006580 3.041465
0.006600 3.059397
0.006620 3.077379
0.006640 3.095409
0.006660 3.113489
0.006680 3.131618
0.006700 3.149796
0.006720 3.168023
0.006740 3.186300
0.006760 3.204625
0.006780 3.222999
0.006800 3.241422
0.006820 3.259894
0.006840 3.278415
0.006860 3.296985
0.006880 3.315604
0.006900 3.334271
0.006920 3.352988
0.006940 3.371753
0.006960 3.390567
0.006980 3.409429
0.007000 3.428340
0.007020 3.447300
0.007040 3.466309
0.007060 3.485366
0.007080 3.504471
0.007100 3.523625
0.007120 3.542828
0.007140 3.562079
0.007160 3.581378
0.007180 3.600726
0.007200 3.620122
0.007220 3.639567
0.007240 3.659060
0.007260 3.678601
0.007280 3.698191
0.007300 3.717828
0.007320 3.737514
0.007340 3.757248
0.007360 3.777030
0.007380 3.796861
0.007400 3.816739
0.007420 3.836666
0.007440 3.856640
0.007460 3.876663
0.007480 3.896733
0.007500 3.916852
0.007520 3.937018
0.007540 3.957232
0.007560 3.977494
0.007580 3.997804
0.007600 4.018162
0.007620 4.038567
0.007640 4.059021
0.007660 4.079522
0.007680 4.100070
0.007700 4.120666
0.007720 4.141310
0.007740 4.162002
0.007760 4.182741
0.007780 4.203528
0.007800 4.224362
0.007820 4.245243
0.007840 4.266172
0.007860 4.287149
0.007880 4.308173
0.007900 4.329244
0.007920 4.350363
0.007940 4.371529
0.007960 4.392742
0.007980 4.414002
0.008000 4.435310
0.008020 4.456665
0.008040 4.478067
0.008060 4.499516
0.008080 4.521013
0.008100 4.542556
0.008120 4.564147
0.008140 4.585784
0.008160 4.607469
0.008180 4.629200
0.008200 4.650979
0.008220 4.672804
0.008240 4.694676
0.008260 4.716595
0.008280 4.738561
0.008300 4.760574
0.008320 4.782634
0.008340 4.804740
0.008360 4.826893
0.008380 4.849093
0.008400 4.871339
0.008420 4.893632
0.008440 4.915972
0.008460 4.938358
0.008480 4.960791
0.008500 4.983270
0.008520 5.005796
0.008540 5.028368
0.008560 5.050987
0.008580 5.073652
0.008600 5.096363
0.008620 5.119121
0.008640 5.141925
0.008660 5.164776
0.008680 5.187672
0.008700 5.210615
0.008720 5.233605
0.008740 5.256640
0.008760 5.279722
0.008780 5.302849
0.008800 5.326023
0.008820 5.349243
0.008840 5.372509
0.008860 5.395821
0.008880 5.419179
0.008900 5.442583
0.008920 5.466033
0.008940 5.489529
0.008960 5.513071
0.008980 5.536658
0.009000 5.560292
0.009020 5.583971
0.009040 5.607696
0.009060 5.631467
0.009080 5.655283
0.009100 5.679145
0.009120 5.703053
0.009140 5.727007
0.009160 5.751006
0.009180 5.775050
0.009200 5.799141
0.009220 5.823276
0.009240 5.847458
0.009260 5.871684
0.009280 5.895957
0.009300 5.920274
0.009320 5.944637
0.009340 5.969046
0.009360 5.993499
0.009380 6.017999
0.009400 6.042543
0.009420 6.067132
0.009440 6.091767
0.009460 6.116447
0.009480 6.141173
0.009500 6.165943
0.009520 6.190758
0.009540 6.215619
0.009560 6.240525
0.009580 6.265475
0.009600 6.290471
0.009620 6.315512
0.009640 6.340597
0.009660 6.365728
0.009680 6.390904
0.009700 6.416124
0.009720 6.441389
0.009740 6.466699
0.009760 6.492054
0.009780 6.517454
0.009800 6.542898
0.009820 6.568387
0.009840 6.593921
0.009860 6.619500
0.009880 6.645123
0.009900 6.670790
0.009920 6.696503
0.009940 6.722260
0.009960 6.748061
0.009980 6.773907
0.010000 6.799797
0.010020 6.825709
0.010040 6.851606
0.010060 6.877487
0.010080 6.903353
0.010100 6.929203
0.010120 6.955038
0.010140 6.980857
0.010160 7.006661
0.010180 7.032449
0.010200 7.058222
0.010220 7.083979
0.010240 7.109721
0.010260 7.135448
0.010280 7.161159
0.010300 7.186854
0.010320 7.212535
0.010340 7.238199
0.010360 7.263849
0.010380 7.289483
0.010400 7.315101
0.010420 7.340705
0.010440 7.366292
0.010460 7.391865
0.010480 7.417422
0.010500 7.442964
0.010520 7.468491
0.010540 7.494002
0.010560 7.519498
0.010580 7.544979
0.010600 7.570444
0.010620 7.595894
0.010640 7.621329
0.010660 7.646748
0.010680 7.672153
0.010700 7.697542
0.010720 7.722916
0.010740 7.748274
0.010760 7.773618
0.010780 7.798946
0.010800 7.824259
0.010820 7.849557
0.010840 7.874840
0.010860 7.900107
0.010880 7.925359
0.010900 7.950597
0.010920 7.975819
0.010940 8.001026
0.010960 8.026218
0.010980 8.051394
0.011000 8.076556
0.011020 8.101702
0.011040 8.126834
0.011060 8.151950
0.011080 8.177051
0.011100 8.202138
0.011120 8.227209
0.011140 8.252265
0.011160 8.277306
0.011180 8.302332
0.011200 8.327343
0.011220 8.352339
0.011240 8.377321
0.011260 8.402287
0.011280 8.427238
0.011300 8.452174
0.011320 8.477095
0.011340 8.502002
0.011360 8.526893
0.011380 8.551769
0.011400 8.576631
0.011420 8.601477
0.011440 8.626309
0.011460 8.651126
0.011480 8.675928
0.011500 8.700715
0.011520 8.725487
0.011540 8.750244
0.011560 8.774986
0.011580 8.799714
0.011600 8.824427
0.011620 8.849125
0.011640 8.873808
0.011660 8.898476
0.011680 8.923130
0.011700 8.947768
0.011720 8.972392
0.011740 8.997002
0.011760 9.021596
0.011780 9.046176
0.011800 9.070741
0.011820 9.095291
0.011840 9.119826
0.011860 9.144347
0.011880 9.168853
0.011900 9.193344
0.011920 9.217821
0.011940 9.242283
0.011960 9.266730
0.011980 9.291163
0.012000 9.315581
0.012020 9.339984
0.012040 9.364373
0.012060 9.388747
0.012080 9.413106
0.012100 9.437451
0.012120 9.461781
0.012140 9.486097
0.012160 9.510398
0.012180 9.534685
0.012200 9.558957
0.012220 9.583214
0.012240 9.607457
0.012260 9.631685
0.012280 9.655899
0.012300 9.680098
0.012320 9.704283
0.012340 9.728453
0.012360 9.752608
0.012380 9.776750
0.012400 9.800876
0.012420 9.824989
0.012440 9.849086
0.012460 9.873170
0.012480 9.897239
0.012500 9.921293
0.012520 9.945333
0.012540 9.969359
0.012560 9.993370
0.012580 10.017367
0.012600 10.041349
0.012620 10.065317
0.012640 10.089271
0.012660 10.113210
0.012680 10.137135
0.012700 10.161045
0.012720 10.184941
0.012740 10.208823
0.012760 10.232691
0.012780 10.256544
0.012800 10.280383
0.012820 10.304208
0.012840 10.328018
0.012860 10.351814
0.012880 10.375596
0.012900 10.399363
0.012920 10.423117
0.012940 10.446856
0.012960 10.470580
0.012980 10.494291
0.013000 10.517987
0.013020 10.541669
0.013040 10.565337
0.013060 10.588991
0.013080 10.612630
0.013100 10.636256
0.013120 10.659867
0.013140 10.683464
0.013160 10.707047
0.013180 10.730615
0.013200 10.754170
0.013220 10.777710
0.013240 10.801237
0.013260 10.824749
0.013280 10.848247
0.013300 10.871731
0.013320 10.895201
0.013340 10.918657
0.013360 10.942099
0.013380 10.965526
0.013400 10.988940
0.013420 11.012340
0.013440 11.035725
0.013460 11.059097
0.013480 11.082454
0.013500 11.105798
0.013520 11.129127
0.013540 11.152443
0.013560 11.175744
0.013580 11.199032
0.013600 11.222306
0.013620 11.245565
0.013640 11.268811
0.013660 11.292043
0.013680 11.315260
0.013700 11.338464
0.013720 11.361654
0.013740 11.384830
0.013760 11.407992
0.013780 11.431141
0.013800 11.454275
0.013820 11.477396
0.013840 11.500502
0.013860 11.523595
0.013880 11.546674
0.013900 11.569739
0.013920 11.592790
0.013940 11.615828
0.013960 11.638851
0.013980 11.661861
0.014000 11.684857
0.014020 11.707839
0.014040 11.730808
0.014060 11.753762
0.014080 11.776703
0.014100 11.799630
0.014120 11.822544
0.014140 11.845443
0.014160 11.868329
0.014180 11.891201
0.014200 11.914060
0.014220 11.936904
0.014240 11.959735
0.014260 11.982553
0.014280 12.005356
0.014300 12.028146
0.014320 12.050922
0.014340 12.073685
0.014360 12.096434
0.014380 12.119169
0.014400 12.141891
0.014420 12.164599
0.014440 12.187293
0.014460 12.209974
0.014480 12.232642
0.014500 12.255295
0.014520 12.277935
0.014540 12.300562
0.014560 12.323175
0.014580 12.345774
0.014600 12.368360
0.014620 12.390932
0.014640 12.413490
0.014660 12.436036
0.014680 12.458567
0.014700 12.481085
0.014720 12.503590
0.014740 12.526081
0.014760 12.548559
0.014780 12.571023
0.014800 12.593473
0.014820 12.615911
0.014840 12.638334
0.014860 12.660745
0.014880 12.683141
0.014900 12.705525
0.014920 12.727895
0.014940 12.750251
0.014960 12.772594
0.014980 12.794924
0.015000 12.817241
0.015020 12.839521
0.015040 12.861728
0.015060 12.883862
0.015080 12.905922
0.015100 12.927909
0.015120 12.949824
0.015140 12.971665
0.015160 12.993433
0.015180 13.015128
0.015200 13.036749
0.015220 13.058298
0.015240 13.079775
0.015260 13.101178
0.015280 13.122508
0.015300 13.143766
0.015320 13.164951
0.015340 13.186063
0.015360 13.207102
0.015380 13.228069
0.015400 13.248964
0.015420 13.269786
0.015440 13.290535
0.015460 13.311212
0.015480 13.331817
0.015500 13.352349
0.015520 13.372809
0.015540 13.393196
0.015560 13.413512
0.015580 13.433755
0.015600 13.453926
0.015620 13.474026
0.015640 13.494053
0.015660 13.514008
0.015680 13.533891
0.015700 13.553702
0.015720 13.573441
0.015740 13.593109
0.015760 13.612705
0.015780 13.632229
0.015800 13.651681
0.015820 13.671062
0.015840 13.690371
0.015860 13.709608
0.015880 13.728774
0.015900 13.747869
0.015920 13.766892
0.015940 13.785843
0.015960 13.804724
0.015980 13.823533
0.016000 13.842271
0.016020 13.860937
0.016040 13.879532
0.016060 13.898057
0.016080 13.916510
0.016100 13.934892
0.016120 13.953203
0.016140 13.971443
0.016160 13.989612
0.016180 14.007711
0.016200 14.025738
0.016220 14.043695
0.016240 14.061581
0.016260 14.079396
0.016280 14.097140
0.016300 14.114814
0.016320 14.132418
0.016340 14.149950
0.016360 14.167413
0.016380 14.184804
0.016400 14.202126
0.016420 14.219377
0.016440 14.236558
0.016460 14.253668
0.016480 14.270708
0.016500 14.287678
0.016520 14.304578
0.016540 14.321408
0.016560 14.338167
0.016580 14.354857
0.016600 14.371477
0.016620 14.388026
0.016640 14.404506
0.016660 14.420916
0.016680 14.437256
0.016700 14.453526
0.016720 14.469727
0.016740 14.485857
0.016760 14.501919
0.016780 14.517910
0.016800 14.533832
0.016820 14.549685
0.016840 14.565468
0.016860 14.581181
0.016880 14.596825
0.016900 14.612400
0.016920 14.627905
0.016940 14.643341
0.016960 14.658708
0.016980 14.674006
0.017000 14.689234
0.017020 14.704394
0.017040 14.719484
0.017060 14.734506
0.017080 14.749458
0.017100 14.764341
0.017120 14.779156
0.017140 14.793901
0.017160 14.808578
0.017180 14.823186
0.017200 14.837725
0.017220 14.852196
0.017240 14.866598
0.017260 14.880931
0.017280 14.895195
0.017300 14.909392
0.017320 14.923519
0.017340 14.937578
0.017360 14.951569
0.017380 14.965491
0.017400 14.979346
0.017420 14.993131
0.017440 15.006849
0.017460 15.020498
0.017480 15.034079
0.017500 15.047592
0.017520 15.061037
0.017540 15.074414
0.017560 15.087723
0.017580 15.100964
0.017600 15.114137
0.017620 15.127242
0.017640 15.140279
0.017660 15.153248
0.017680 15.166150
0.017700 15.178984
0.017720 15.191750
0.017740 15.204449
0.017760 15.217080
0.017780 15.229643
0.017800 15.242139
0.017820 15.254568
0.017840 15.266929
0.017860 15.279223
0.017880 15.291449
0.017900 15.303608
0.017920 15.315700
0.017940 15.327724
0.017960 15.339681
0.017980 15.351571
0.018000 15.363394
0.018020 15.375150
0.018040 15.386839
0.018060 15.398461
0.018080 15.410016
0.018100 15.421504
0.018120 15.432925
0.018140 15.444280
0.018160 15.455567
0.018180 15.466788
0.018200 15.477942
0.018220 15.489030
0.018240 15.500050
0.018260 15.511004
0.018280 15.521892
0.018300 15.532713
0.018320 15.543468
0.018340 15.554156
0.018360 15.564778
0.018380 15.575333
0.018400 15.585823
0.018420 15.596245
0.018440 15.606602
0.018460 15.616892
0.018480 15.627117
0.018500 15.637275
0.018520 15.647367
0.018540 15.657393
0.018560 15.667353
0.018580 15.677247
0.018600 15.687076
0.018620 15.696838
0.018640 15.706534
0.018660 15.716165
0.018680 15.725730
0.018700 15.735229
0.018720 15.744663
0.018740 15.754031
0.018760 15.763333
0.018780 15.772570
0.018800 15.781741
0.018820 15.790847
0.018840 15.799887
0.018860 15.808862
0.018880 15.817771
0.018900 15.826615
0.018920 15.835394
0.018940 15.844108
0.018960 15.852756
0.018980 15.861340
0.019000 15.869858
0.019020 15.878311
0.019040 15.886699
0.019060 15.895022
0.019080 15.903280
0.019100 15.911473
0.019120 15.919601
0.019140 15.927664
0.019160 15.935663
0.019180 15.943597
0.019200 15.951466
0.019220 15.959270
0.019240 15.967009
0.019260 15.974684
0.019280 15.982295
0.019300 15.989841
0.019320 15.997322
0.019340 16.004739
0.019360 16.012091
0.019380 16.019379
0.019400 16.026603
0.019420 16.033762
0.019440 16.040858
0.019460 16.047888
0.019480 16.054855
0.019500 16.061758
0.019520 16.068596
0.019540 16.075370
0.019560 16.082081
0.019580 16.088727
0.019600 16.095309
0.019620 16.101827
0.019640 16.108282
0.019660 16.114673
0.019680 16.120999
0.019700 16.127262
0.019720 16.133462
0.019740 16.139597
0.019760 16.145669
0.019780 16.151677
0.019800 16.157622
0.019820 16.163503
0.019840 16.169321
0.019860 16.175075
0.019880 16.180766
0.019900 16.186393
0.019920 16.191957
0.019940 16.197458
0.019960 16.202895
0.019980 16.208269
0.020000 16.213580
0.020020 16.218828
0.020040 16.224013
0.020060 16.229134
0.020080 16.234193
0.020100 16.239188
0.020120 16.244121
0.020140 16.248990
0.020160 16.253797
0.020180 16.258541
0.020200 16.263222
0.020220 16.267840
0.020240 16.272395
0.020260 16.276888
0.020280 16.281318
0.020300 16.285686
0.020320 16.289990
0.020340 16.294233
0.020360 16.298412
0.020380 16.302530
0.020400 16.306584
0.020420 16.310577
0.020440 16.314507
0.020460 16.318374
0.020480 16.322180
0.020500 16.325923
0.020520 16.329603
0.020540 16.333222
0.020560 16.336779
0.020580 16.340273
0.020600 16.343705
0.020620 16.347076
0.020640 16.350384
0.020660 16.353630
0.020680 16.356814
0.020700 16.359937
0.020720 16.362998
0.020740 16.365996
0.020760 16.368933
0.020780 16.371809
0.020800 16.374622
0.020820 16.377374
0.020840 16.380064
0.020860 16.382693
0.020880 16.385260
0.020900 16.387766
0.020920 16.390210
0.020940 16.392593
0.020960 16.394914
0.020980 16.397174
0.021000 16.399372
0.021020 16.401509
0.021040 16.403585
0.021060 16.405600
0.021080 16.407554
0.021100 16.409446
0.021120 16.411277
0.021140 16.413048
0.021160 16.414757
0.021180 16.416405
0.021200 16.417992
0.021220 16.419518
0.021240 16.420984
0.021260 16.422388
0.021280 16.423732
0.021300 16.425015
0.021320 16.426237
0.021340 16.427398
0.021360 16.428499
0.021380 16.429539
0.021400 16.430518
0.021420 16.431437
0.021440 16.432296
0.021460 16.433094
0.021480 16.433831
0.021500 16.434508
0.021520 16.435125
0.021540 16.435681
0.021560 16.436177
0.021580 16.436612
0.021600 16.436988
0.021620 16.437303
0.021640 16.437558
0.021660 16.437753
0.021680 16.437888
0.021700 16.437963
0.021720 16.437977
0.021740 16.437932
0.021760 16.437827
0.021780 16.437662
0.021800 16.437437
0.021820 16.437152
0.021840 16.436807
0.021860 16.436403
0.021880 16.435938
0.021900 16.435414
0.021920 16.434831
0.021940 16.434188
0.021960 16.433485
0.021980 16.432723
0.022000 16.431901
0.022020 16.431019
0.022040 16.430078
0.022060 16.429078
0.022080 16.428019
0.022100 16.426900
0.022120 16.425721
0.022140 16.424484
0.022160 16.423187
0.022180 16.421831
0.022200 16.420416
0.022220 16.418941
0.022240 16.417408
0.022260 16.415816
0.022280 16.414164
0.022300 16.412454
0.022320 16.410684
0.022340 16.408856
0.022360 16.406968
0.022380 16.405022
0.022400 16.403017
0.022420 16.400954
0.022440 16.398831
0.022460 16.396650
0.022480 16.394410
0.022500 16.392112
0.022520 16.389755
0.022540 16.387339
0.022560 16.384865
0.022580 16.382332
0.022600 16.379741
0.022620 16.377092
0.022640 16.374384
0.022660 16.371617
0.022680 16.368793
0.022700 16.365910
0.022720 16.362969
0.022740 16.359969
0.022760 16.356912
0.022780 16.353796
0.022800 16.350622
0.022820 16.347390
0.022840 16.344100
0.022860 16.340752
0.022880 16.337347
0.022900 16.333883
0.022920 16.330361
0.022940 16.326781
0.022960 16.323144
0.022980 16.319448
0.023000 16.315695
0.023020 16.311885
0.023040 16.308016
0.023060 16.304090
0.023080 16.300106
0.023100 16.296065
0.023120 16.291966
0.023140 16.287810
0.023160 16.283596
0.023180 16.279324
0.023200 16.274995
0.023220 16.270609
0.023240 16.266166
0.023260 16.261665
0.023280 16.257107
0.023300 16.252491
0.023320 16.247819
0.023340 16.243089
0.023360 16.238302
0.023380 16.233458
0.023400 16.228557
0.023420 16.223599
0.023440 16.218584
0.023460 16.213512
0.023480 16.208382
0.023500 16.203196
0.023520 16.197954
0.023540 16.192654
0.023560 16.187297
0.023580 16.181884
0.023600 16.176414
0.023620 16.170888
0.023640 16.165304
0.023660 16.159664
0.023680 16.153968
0.023700 16.148214
0.023720 16.142405
0.023740 16.136539
0.023760 16.130616
0.023780 16.124637
0.023800 16.118601
0.023820 16.112509
0.023840 16.106361
0.023860 16.100157
0.023880 16.093896
0.023900 16.087579
0.023920 16.081206
0.023940 16.074777
0.023960 16.068291
0.023980 16.061750
0.024000 16.055152
0.024020 16.048499
0.024040 16.041789
0.024060 16.035024
0.024080 16.028202
0.024100 16.021325
0.024120 16.014391
0.024140 16.007402
0.024160 16.000358
0.024180 15.993257
0.024200 15.986101
0.024220 15.978889
0.024240 15.971621
0.024260 15.964298
0.024280 15.956919
0.024300 15.949484
0.024320 15.941995
0.024340 15.934449
0.024360 15.926848
0.024380 15.919192
0.024400 15.911480
0.024420 15.903713
0.024440 15.895891
0.024460 15.888013
0.024480 15.880080
0.024500 15.872092
0.024520 15.864049
0.024540 15.855950
0.024560 15.847797
0.024580 15.839588
0.024600 15.831324
0.024620 15.823005
0.024640 15.814631
0.024660 15.806203
0.024680 15.797719
0.024700 15.789180
0.024720 15.780587
0.024740 15.771939
0.024760 15.763236
0.024780 15.754478
0.024800 15.745665
0.024820 15.736798
0.024840 15.727876
0.024860 15.718900
0.024880 15.709868
0.024900 15.700783
0.024920 15.691643
0.024940 15.682448
0.024960 15.673199
0.024980 15.663895
0.025000 15.654537
0.025020 15.645125
0.025040 15.635658
0.025060 15.626137
0.025080 15.616561
0.025100 15.606932
0.025120 15.597248
0.025140 15.587510
0.025160 15.577718
0.025180 15.567872
0.025200 15.557972
0.025220 15.548017
0.025240 15.538009
0.025260 15.527947
0.025280 15.517831
0.025300 15.507660
0.025320 15.497436
0.025340 15.487159
0.025360 15.476827
0.025380 15.466441
0.025400 15.456002
0.025420 15.445509
0.025440 15.434963
0.025460 15.424362
0.025480 15.413708
0.025500 15.403001
0.025520 15.392240
0.025540 15.381425
0.025560 15.370557
0.025580 15.359635
0.025600 15.348660
0.025620 15.337632
0.025640 15.326550
0.025660 15.315415
0.025680 15.304227
0.025700 15.292985
0.025720 15.281690
0.025740 15.270342
0.025760 15.258941
0.025780 15.247486
0.025800 15.235979
0.025820 15.224418
0.025840 15.212805
0.025860 15.201138
0.025880 15.189418
0.025900 15.177646
0.025920 15.165820
0.025940 15.153942
0.025960 15.142010
0.025980 15.130026
0.026000 15.117989
0.026020 15.105900
0.026040 15.093757
0.026060 15.081562
0.026080 15.069314
0.026100 15.057014
0.026120 15.044661
0.026140 15.032255
0.026160 15.019797
0.026180 15.007287
0.026200 14.994724
0.026220 14.982108
0.026240 14.969440
0.026260 14.956720
0.026280 14.943947
0.026300 14.931122
0.026320 14.918245
0.026340 14.905315
0.026360 14.892333
0.026380 14.879299
0.026400 14.866213
0.026420 14.853075
0.026440 14.839884
0.026460 14.826642
0.026480 14.813347
0.026500 14.800001
0.026520 14.786602
0.026540 14.773152
0.026560 14.759650
0.026580 14.746095
0.026600 14.732489
0.026620 14.718832
0.026640 14.705122
0.026660 14.691360
0.026680 14.677547
0.026700 14.663682
0.026720 14.649766
0.026740 14.635798
0.026760 14.621778
0.026780 14.607707
0.026800 14.593584
0.026820 14.579409
0.026840 14.565183
0.026860 14.550906
0.026880 14.536577
0.026900 14.522197
0.026920 14.507766
0.026940 14.493283
0.026960 14.478749
0.026980 14.464163
0.027000 14.449527
0.027020 14.434839
0.027040 14.420100
0.027060 14.405310
0.027080 14.390469
0.027100 14.375576
0.027120 14.360633
0.027140 14.345638
0.027160 14.330593
0.027180 14.315497
0.027200 14.300350
0.027220 14.285151
0.027240 14.269902
0.027260 14.254603
0.027280 14.239252
0.027300 14.223850
0.027320 14.208398
0.027340 14.192895
0.027360 14.177342
0.027380 14.161738
0.027400 14.146083
0.027420 14.130377
0.027440 14.114621
0.027460 14.098815
0.027480 14.082958
0.027500 14.067050
0.027520 14.051092
0.027540 14.035084
0.027560 14.019025
0.027580 14.002916
0.027600 13.986757
0.027620 13.970547
0.027640 13.954287
0.027660 13.937977
0.027680 13.921616
0.027700 13.905206
0.027720 13.888745
0.027740 13.872234
0.027760 13.855674
0.027780 13.839063
0.027800 13.822402
0.027820 13.805691
0.027840 13.788930
0.027860 13.772119
0.027880 13.755258
0.027900 13.738348
0.027920 13.721387
0.027940 13.704377
0.027960 13.687317
0.027980 13.670207
0.028000 13.653048
0.028020 13.635839
0.028040 13.618580
0.028060 13.601271
0.028080 13.583913
0.028100 13.566506
0.028120 13.549049
0.028140 13.531542
0.028160 13.513986
0.028180 13.496380
0.028200 13.478725
0.028220 13.461021
0.028240 13.443267
0.028260 13.425464
0.028280 13.407611
0.028300 13.389710
0.028320 13.371759
0.028340 13.353758
0.028360 13.335709
0.028380 13.317611
0.028400 13.299463
0.028420 13.281266
0.028440 13.263021
0.028460 13.244726
0.028480 13.226382
0.028500 13.207989
0.028520 13.189547
0.028540 13.171057
0.028560 13.152517
0.028580 13.133929
0.028600 13.115291
0.028620 13.096605
0.028640 13.077870
0.028660 13.059087
0.028680 13.040254
0.028700 13.021374
0.028720 13.002444
0.028740 12.983466
0.028760 12.964439
0.028780 12.945363
0.028800 12.926239
0.028820 12.907067
0.028840 12.887846
0.028860 12.868576
0.028880 12.849259
0.028900 12.829892
0.028920 12.810478
0.028940 12.791015
0.028960 12.771503
0.028980 12.751944
0.029000 12.732336
0.029020 12.712680
0.029040 12.692976
0.029060 12.673224
0.029080 12.653423
0.029100 12.633574
0.029120 12.613678
0.029140 12.593733
0.029160 12.573740
0.029180 12.553700
0.029200 12.533611
0.029220 12.513474
0.029240 12.493290
0.029260 12.473057
0.029280 12.452777
0.029300 12.432449
0.029320 12.412073
0.029340 12.391650
0.029360 12.371178
0.029380 12.350659
0.029400 12.330092
0.029420 12.309478
0.029440 12.288816
0.029460 12.268106
0.029480 12.247349
0.029500 12.226545
0.029520 12.205692
0.029540 12.184793
0.029560 12.163846
0.029580 12.142851
0.029600 12.121809
0.029620 12.100720
0.029640 12.079583
0.029660 12.058400
0.029680 12.037168
0.029700 12.015890
0.029720 11.994564
0.029740 11.973192
0.029760 11.951772
0.029780 11.930304
0.029800 11.908790
0.029820 11.887229
0.029840 11.865620
0.029860 11.843965
0.029880 11.822263
0.029900 11.800513
0.029920 11.778717
0.029940 11.756874
0.029960 11.734984
0.029980 11.713047
0.030000 11.691063
0.030020 11.669033
0.030040 11.646955
0.030060 11.624831
0.030080 11.602661
0.030100 11.580443
0.030120 11.558179
0.030140 11.535868
0.030160 11.513511
0.030180 11.491107
0.030200 11.468657
0.030220 11.446160
0.030240 11.423616
0.030260 11.401026
0.030280 11.378390
0.030300 11.355707
0.030320 11.332978
0.030340 11.310203
0.030360 11.287381
0.030380 11.264513
0.030400 11.241599
0.030420 11.218638
0.030440 11.195631
0.030460 11.172578
0.030480 11.149479
0.030500 11.126334
0.030520 11.103143
0.030540 11.079905
0.030560 11.056622
0.030580 11.033292
0.030600 11.009917
0.030620 10.986495
0.030640 10.963028
0.030660 10.939515
0.030680 10.915956
0.030700 10.892351
0.030720 10.868700
0.030740 10.845003
0.030760 10.821261
0.030780 10.797473
0.030800 10.773639
0.030820 10.749759
0.030840 10.725834
0.030860 10.701863
0.030880 10.677847
0.030900 10.653785
0.030920 10.629677
0.030940 10.605524
0.030960 10.581326
0.030980 10.557082
0.031000 10.532792
0.031020 10.508457
0.031040 10.484077
0.031060 10.459652
0.031080 10.435181
0.031100 10.410664
0.031120 10.386103
0.031140 10.361496
0.031160 10.336844
0.031180 10.312147
0.031200 10.287404
0.031220 10.262617
0.031240 10.237784
0.031260 10.212907
0.031280 10.187984
0.031300 10.163016
0.031320 10.138003
0.031340 10.112945
0.031360 10.087843
0.031380 10.062695
0.031400 10.037502
0.031420 10.012265
0.031440 9.986983
0.031460 9.961656
0.031480 9.936284
0.031500 9.910867
0.031520 9.885406
0.031540 9.859900
0.031560 9.834349
0.031580 9.808753
0.031600 9.783113
0.031620 9.757429
0.031640 9.731699
0.031660 9.705926
0.031680 9.680107
0.031700 9.654245
0.031720 9.628337
0.031740 9.602386
0.031760 9.576389
0.031780 9.550349
0.031800 9.524264
0.031820 9.498135
0.031840 9.471961
0.031860 9.445743
0.031880 9.419481
0.031900 9.393175
0.031920 9.366825
0.031940 9.340430
0.031960 9.313991
0.031980 9.287508
0.032000 9.260981
0.032020 9.234410
0.032040 9.207795
0.032060 9.181136
0.032080 9.154432
0.032100 9.127685
0.032120 9.100894
0.032140 9.074059
0.032160 9.047180
0.032180 9.020258
0.032200 8.993291
0.032220 8.966281
0.032240 8.939227
0.032260 8.912129
0.032280 8.884987
0.032300 8.857802
0.032320 8.830573
0.032340 8.803300
0.032360 8.775984
0.032380 8.748624
0.032400 8.721220
0.032420 8.693773
0.032440 8.666283
0.032460 8.638749
0.032480 8.611171
0.032500 8.583550
0.032520 8.555886
0.032540 8.528178
0.032560 8.500427
0.032580 8.472633
0.032600 8.444795
0.032620 8.416914
0.032640 8.388990
0.032660 8.361022
0.032680 8.333012
0.032700 8.304958
0.032720 8.276861
0.032740 8.248721
0.032760 8.220537
0.032780 8.192311
0.032800 8.164041
0.032820 8.135729
0.032840 8.107374
0.032860 8.078975
0.032880 8.050534
0.032900 8.022050
0.032920 7.993522
0.032940 7.964952
0.032960 7.936339
0.032980 7.907684
0.033000 7.878985
0.033020 7.850244
0.033040 7.821460
0.033060 7.792633
0.033080 7.763764
0.033100 7.734852
0.033120 7.705897
0.033140 7.676900
0.033160 7.647860
0.033180 7.618777
0.033200 7.589652
0.033220 7.560485
0.033240 7.531275
0.033260 7.502022
0.033280 7.472727
0.033300 7.443390
0.033320 7.414010
0.033340 7.384588
0.033360 7.355124
0.033380 7.325617
0.033400 7.296068
0.033420 7.266477
0.033440 7.236843
0.033460 7.207167
0.033480 7.177450
0.033500 7.147690
0.033520 7.117887
0.033540 7.088043
0.033560 7.058157
0.033580 7.028228
0.033600 6.998258
0.033620 6.968245
0.033640 6.938191
0.033660 6.908095
0.033680 6.877956
0.033700 6.847776
0.033720 6.817554
0.033740 6.787290
0.033760 6.756984
0.033780 6.726637
0.033800 6.696247
0.033820 6.665816
0.033840 6.635343
0.033860 6.604829
0.033880 6.574272
0.033900 6.543675
0.033920 6.513035
0.033940 6.482354
0.033960 6.451631
0.033980 6.420867
0.034000 6.390061
0.034020 6.359214
0.034040 6.328325
0.034060 6.297395
0.034080 6.266423
0.034100 6.235410
0.034120 6.204356
0.034140 6.173260
0.034160 6.142123
0.034180 6.110944
0.034200 6.079725
0.034220 6.048464
0.034240 6.017162
0.034260 5.985818
0.034280 5.954434
0.034300 5.923008
0.034320 5.891541
0.034340 5.860033
0.034360 5.828484
0.034380 5.796894
0.034400 5.765263
0.034420 5.733591
0.034440 5.701877
0.034460 5.670123
0.034480 5.638328
0.034500 5.606492
0.034520 5.574616
0.034540 5.542698
0.034560 5.510739
0.034580 5.478740
0.034600 5.446700
0.034620 5.414619
0.034640 5.382497
0.034660 5.350335
0.034680 5.318132
0.034700 5.285888
0.034720 5.253604
0.034740 5.221279
0.034760 5.188913
0.034780 5.156507
0.034800 5.124061
0.034820 5.091573
0.034840 5.059046
0.034860 5.026477
0.034880 4.993869
0.034900 4.961220
0.034920 4.928530
0.034940 4.895801
0.034960 4.863030
0.034980 4.830220
0.035000 4.797369
0.035020 4.764524
0.035040 4.731758
0.035060 4.699071
0.035080 4.666464
0.035100 4.633936
0.035120 4.601488
0.035140 4.569119
0.035160 4.536830
0.035180 4.504620
0.035200 4.472490
0.035220 4.440438
0.035240 4.408466
0.035260 4.376573
0.035280 4.344759
0.035300 4.313024
0.035320 4.281368
0.035340 4.249792
0.035360 4.218294
0.035380 4.186875
0.035400 4.155534
0.035420 4.124273
0.035440 4.093090
0.035460 4.061986
0.035480 4.030961
0.035500 4.000014
0.035520 3.969146
0.035540 3.938356
0.035560 3.907645
0.035580 3.877012
0.035600 3.846457
0.035620 3.815981
0.035640 3.785583
0.035660 3.755263
0.035680 3.725022
0.035700 3.694858
0.035720 3.664773
0.035740 3.634766
0.035760 3.604836
0.035780 3.574985
0.035800 3.545211
0.035820 3.515516
0.035840 3.485898
0.035860 3.456358
0.035880 3.426895
0.035900 3.397510
0.035920 3.368203
0.035940 3.338973
0.035960 3.309821
0.035980 3.280747
0.036000 3.251749
0.036020 3.222829
0.036040 3.193987
0.036060 3.165222
0.036080 3.136534
0.036100 3.107923
0.036120 3.079389
0.036140 3.050933
0.036160 3.022553
0.036180 2.994250
0.036200 2.966025
0.036220 2.937876
0.036240 2.909804
0.036260 2.881809
0.036280 2.853891
0.036300 2.826050
0.036320 2.798285
0.036340 2.770597
0.036360 2.742985
0.036380 2.715450
0.036400 2.687992
0.036420 2.660610
0.036440 2.633304
0.036460 2.606075
0.036480 2.578922
0.036500 2.551845
0.036520 2.524844
0.036540 2.497920
0.036560 2.471072
0.036580 2.444300
0.036600 2.417604
0.036620 2.390984
0.036640 2.364439
0.036660 2.337971
0.036680 2.311579
0.036700 2.285262
0.036720 2.259022
0.036740 2.232856
0.036760 2.206767
0.036780 2.180753
0.036800 2.154815
0.036820 2.128953
0.036840 2.103165
0.036860 2.077454
0.036880 2.051817
0.036900 2.026257
0.036920 2.000771
0.036940 1.975361
0.036960 1.950026
0.036980 1.924766
0.037000 1.899581
0.037020 1.874471
0.037040 1.849436
0.037060 1.824477
0.037080 1.799592
0.037100 1.774782
0.037120 1.750047
0.037140 1.725387
0.037160 1.700802
0.037180 1.676291
0.037200 1.651855
0.037220 1.627494
0.037240 1.603207
0.037260 1.578995
0.037280 1.554857
0.037300 1.530794
0.037320 1.506805
0.037340 1.482891
0.037360 1.459051
0.037380 1.435285
0.037400 1.411594
0.037420 1.387976
0.037440 1.364433
0.037460 1.340964
0.037480 1.317569
0.037500 1.294248
0.037520 1.271001
0.037540 1.247828
0.037560 1.224728
0.037580 1.201703
0.037600 1.178751
0.037620 1.155873
0.037640 1.133069
0.037660 1.110339
0.037680 1.087682
0.037700 1.065098
0.037720 1.042589
0.037740 1.020152
0.037760 0.997789
0.037780 0.975500
0.037800 0.953284
0.037820 0.931141
0.037840 0.909071
0.037860 0.887075
0.037880 0.865152
0.037900 0.843302
0.037920 0.821525
0.037940 0.799821
0.037960 0.778190
0.037980 0.756632
0.038000 0.735147
0.038020 0.713735
0.038040 0.692396
0.038060 0.671129
0.038080 0.649935
0.038100 0.628814
0.038120 0.607766
0.038140 0.586790
0.038160 0.565887
0.038180 0.545056
0.038200 0.524297
0.038220 0.503612
0.038240 0.482998
0.038260 0.462457
0.038280 0.441988
0.038300 0.421592
0.038320 0.401267
0.038340 0.381015
0.038360 0.360835
0.038380 0.340727
0.038400 0.320691
0.038420 0.300727
0.038440 0.280835
0.038460 0.261015
0.038480 0.241267
0.038500 0.221591
0.038520 0.201986
0.038540 0.182453
0.038560 0.162992
0.038580 0.143603
0.038600 0.124285
0.038620 0.105038
0.038640 0.085864
0.038660 0.066760
0.038680 0.047729
0.038700 0.028768
0.038720 0.009879
0.038740 -0.008939
0.038760 -0.027685
0.038780 -0.046361
0.038800 -0.064965
0.038820 -0.083498
0.038840 -0.101959
0.038860 -0.120350
0.038880 -0.138670
0.038900 -0.156919
0.038920 -0.175097
0.038940 -0.193204
0.038960 -0.211240
0.038980 -0.229205
0.039000 -0.247100
0.039020 -0.264924
0.039040 -0.282677
0.039060 -0.300360
0.039080 -0.317972
0.039100 -0.335513
0.039120 -0.352984
0.039140 -0.370384
0.039160 -0.387715
0.039180 -0.404974
0.039200 -0.422164
0.039220 -0.439283
0.039240 -0.456331
0.039260 -0.473310
0.039280 -0.490218
0.039300 -0.507057
0.039320 -0.523825
0.039340 -0.540523
0.039360 -0.557151
0.039380 -0.573710
0.039400 -0.590198
0.039420 -0.606616
0.039440 -0.622965
0.039460 -0.639244
0.039480 -0.655453
0.039500 -0.671592
0.039520 -0.687662
0.039540 -0.703662
0.039560 -0.719593
0.039580 -0.735454
0.039600 -0.751245
0.039620 -0.766967
0.039640 -0.782620
0.039660 -0.798203
0.039680 -0.813717
0.039700 -0.829162
0.039720 -0.844537
0.039740 -0.859843
0.039760 -0.875080
0.039780 -0.890248
0.039800 -0.905347
0.039820 -0.920377
0.039840 -0.935337
0.039860 -0.950229
0.039880 -0.965052
0.039900 -0.979806
0.039920 -0.994491
0.039940 -1.009108
0.039960 -1.023656
0.039980 -1.038135
0.040000 -1.052545
0.040020 -1.066886
0.040040 -1.081160
0.040060 -1.095364
0.040080 -1.109500
0.040100 -1.123568
0.040120 -1.137567
0.040140 -1.151498
0.040160 -1.165360
0.040180 -1.179154
0.040200 -1.192880
0.040220 -1.206538
0.040240 -1.220127
0.040260 -1.233649
0.040280 -1.247102
0.040300 -1.260487
0.040320 -1.273804
0.040340 -1.287054
0.040360 -1.300235
0.040380 -1.313348
0.040400 -1.326394
0.040420 -1.339372
0.040440 -1.352282
0.040460 -1.365124
0.040480 -1.377899
0.040500 -1.390605
0.040520 -1.403245
0.040540 -1.415817
0.040560 -1.428321
0.040580 -1.440758
0.040600 -1.453127
0.040620 -1.465429
0.040640 -1.477663
0.040660 -1.489831
0.040680 -1.501931
0.040700 -1.513963
0.040720 -1.525929
0.040740 -1.537827
0.040760 -1.549659
0.040780 -1.561423
0.040800 -1.573120
0.040820 -1.584750
0.040840 -1.596313
0.040860 -1.607809
0.040880 -1.619239
0.040900 -1.630601
0.040920 -1.641897
0.040940 -1.653126
0.040960 -1.664288
0.040980 -1.675384
0.041000 -1.686413
0.041020 -1.697375
0.041040 -1.708271
0.041060 -1.719100
0.041080 -1.729863
0.041100 -1.740560
0.041120 -1.751190
0.041140 -1.761753
0.041160 -1.772250
0.041180 -1.782681
0.041200 -1.793046
0.041220 -1.803345
0.041240 -1.813577
0.041260 -1.823744
0.041280 -1.833844
0.041300 -1.843878
0.041320 -1.853846
0.041340 -1.863748
0.041360 -1.873585
0.041380 -1.883355
0.041400 -1.893060
0.041420 -1.902698
0.041440 -1.912271
0.041460 -1.921779
0.041480 -1.931220
0.041500 -1.940596
0.041520 -1.949907
0.041540 -1.959151
0.041560 -1.968331
0.041580 -1.977444
0.041600 -1.986493
0.041620 -1.995476
0.041640 -2.004393
0.041660 -2.013245
0.041680 -2.022032
0.041700 -2.030754
0.041720 -2.039410
0.041740 -2.048002
0.041760 -2.056528
0.041780 -2.064989
0.041800 -2.073385
0.041820 -2.081716
0.041840 -2.089982
0.041860 -2.098183
0.041880 -2.106319
0.041900 -2.114390
0.041920 -2.122397
0.041940 -2.130338
0.041960 -2.138215
0.041980 -2.146027
0.042000 -2.153775
0.042020 -2.161458
0.042040 -2.169076
0.042060 -2.176630
0.042080 -2.184119
0.042100 -2.191544
0.042120 -2.198905
0.042140 -2.206200
0.042160 -2.213432
0.042180 -2.220599
0.042200 -2.227702
0.042220 -2.234741
0.042240 -2.241716
0.042260 -2.248626
0.042280 -2.255472
0.042300 -2.262255
0.042320 -2.268973
0.042340 -2.275627
0.042360 -2.282217
0.042380 -2.288743
0.042400 -2.295205
0.042420 -2.301604
0.042440 -2.307939
0.042460 -2.314209
0.042480 -2.320417
0.042500 -2.326560
0.042520 -2.332640
0.042540 -2.338656
0.042560 -2.344608
0.042580 -2.350497
0.042600 -2.356323
0.042620 -2.362085
0.042640 -2.367783
0.042660 -2.373418
0.042680 -2.378990
0.042700 -2.384499
0.042720 -2.389944
0.042740 -2.395326
0.042760 -2.400644
0.042780 -2.405900
0.042800 -2.411092
0.042820 -2.416222
0.042840 -2.421288
0.042860 -2.426291
0.042880 -2.431231
0.042900 -2.436109
0.042920 -2.440923
0.042940 -2.445674
0.042960 -2.450363
0.042980 -2.454989
0.043000 -2.459552
0.043020 -2.464053
0.043040 -2.468490
0.043060 -2.472865
0.043080 -2.477178
0.043100 -2.481428
0.043120 -2.485615
0.043140 -2.489740
0.043160 -2.493803
0.043180 -2.497803
0.043200 -2.501740
0.043220 -2.505615
0.043240 -2.509428
0.043260 -2.513179
0.043280 -2.516868
0.043300 -2.520494
0.043320 -2.524058
0.043340 -2.527560
0.043360 -2.531000
0.043380 -2.534378
0.043400 -2.537694
0.043420 -2.540948
0.043440 -2.544140
0.043460 -2.547270
0.043480 -2.550338
0.043500 -2.553344
0.043520 -2.556289
0.043540 -2.559172
0.043560 -2.561993
0.043580 -2.564752
0.043600 -2.567450
0.043620 -2.570087
0.043640 -2.572661
0.043660 -2.575174
0.043680 -2.577626
0.043700 -2.580016
0.043720 -2.582345
0.043740 -2.584612
0.043760 -2.586818
0.043780 -2.588963
0.043800 -2.591047
0.043820 -2.593069
0.043840 -2.595030
0.043860 -2.596930
0.043880 -2.598769
0.043900 -2.600546
0.043920 -2.602263
0.043940 -2.603919
0.043960 -2.605513
0.043980 -2.607047
0.044000 -2.608520
0.044020 -2.609932
0.044040 -2.611283
0.044060 -2.612573
0.044080 -2.613803
0.044100 -2.614972
0.044120 -2.616080
0.044140 -2.617128
0.044160 -2.618114
0.044180 -2.619041
0.044200 -2.619907
0.044220 -2.620712
0.044240 -2.621457
0.044260 -2.622141
0.044280 -2.622765
0.044300 -2.623329
0.044320 -2.623832
0.044340 -2.624275
0.044360 -2.624658
0.044380 -2.624981
0.044400 -2.625243
0.044420 -2.625445
0.044440 -2.625588
0.044460 -2.625670
0.044480 -2.625692
0.044500 -2.625654
0.044520 -2.625556
0.044540 -2.625398
0.044560 -2.625181
0.044580 -2.624903
0.044600 -2.624566
0.044620 -2.624169
0.044640 -2.623712
0.044660 -2.623195
0.044680 -2.622619
0.044700 -2.621983
0.044720 -2.621288
0.044740 -2.620533
0.044760 -2.619718
0.044780 -2.618844
0.044800 -2.617910
0.044820 -2.616917
0.044840 -2.615865
0.044860 -2.614753
0.044880 -2.613582
0.044900 -2.612352
0.044920 -2.611063
0.044940 -2.609714
0.044960 -2.608306
0.044980 -2.606839
0.045000 -2.605313
0.045020 -2.603727
0.045040 -2.602083
0.045060 -2.600380
0.045080 -2.598618
0.045100 -2.596797
0.045120 -2.594917
0.045140 -2.592978
0.045160 -2.590980
0.045180 -2.588924
0.045200 -2.586808
0.045220 -2.584634
0.045240 -2.582402
0.045260 -2.580111
0.045280 -2.577761
0.045300 -2.575352
0.045320 -2.572885
0.045340 -2.570360
0.045360 -2.567776
0.045380 -2.565134
0.045400 -2.562433
0.045420 -2.559674
0.045440 -2.556856
0.045460 -2.553980
0.045480 -2.551046
0.045500 -2.548054
0.045520 -2.545004
0.045540 -2.541895
0.045560 -2.538728
0.045580 -2.535504
0.045600 -2.532221
0.045620 -2.528880
0.045640 -2.525481
0.045660 -2.522024
0.045680 -2.518510
0.045700 -2.514937
0.045720 -2.511307
0.045740 -2.507619
0.045760 -2.503873
0.045780 -2.500069
0.045800 -2.496208
0.045820 -2.492289
0.045840 -2.488312
0.045860 -2.484278
0.045880 -2.480186
0.045900 -2.476036
0.045920 -2.471830
0.045940 -2.467565
0.045960 -2.463244
0.045980 -2.458864
0.046000 -2.454428
0.046020 -2.449934
0.046040 -2.445383
0.046060 -2.440775
0.046080 -2.436109
0.046100 -2.431386
0.046120 -2.426606
0.046140 -2.421769
0.046160 -2.416875
0.046180 -2.411924
0.046200 -2.406916
0.046220 -2.401851
0.046240 -2.396729
0.046260 -2.391550
0.046280 -2.386314
0.046300 -2.381021
0.046320 -2.375672
0.046340 -2.370265
0.046360 -2.364802
0.046380 -2.359283
0.046400 -2.353706
0.046420 -2.348073
0.046440 -2.342384
0.046460 -2.336637
0.046480 -2.330835
0.046500 -2.324975
0.046520 -2.319060
0.046540 -2.313088
0.046560 -2.307059
0.046580 -2.300974
0.046600 -2.294833
0.046620 -2.288635
0.046640 -2.282382
0.046660 -2.276071
0.046680 -2.269705
0.046700 -2.263283
0.046720 -2.256804
0.046740 -2.250270
0.046760 -2.243679
0.046780 -2.237032
0.046800 -2.230330
0.046820 -2.223571
0.046840 -2.216756
0.046860 -2.209886
0.046880 -2.202959
0.046900 -2.195977
0.046920 -2.188939
0.046940 -2.181846
0.046960 -2.174696
0.046980 -2.167491
0.047000 -2.160230
0.047020 -2.152914
0.047040 -2.145542
0.047060 -2.138114
0.047080 -2.130631
0.047100 -2.123092
0.047120 -2.115498
0.047140 -2.107849
0.047160 -2.100144
0.047180 -2.092384
0.047200 -2.084568
0.047220 -2.076697
0.047240 -2.068771
0.047260 -2.060790
0.047280 -2.052753
0.047300 -2.044661
0.047320 -2.036514
0.047340 -2.028312
0.047360 -2.020055
0.047380 -2.011743
0.047400 -2.003376
0.047420 -1.994954
0.047440 -1.986477
0.047460 -1.977946
0.047480 -1.969359
0.047500 -1.960717
0.047520 -1.952021
0.047540 -1.943270
0.047560 -1.934464
0.047580 -1.925604
0.047600 -1.916688
0.047620 -1.907719
0.047640 -1.898694
0.047660 -1.889615
0.047680 -1.880482
0.047700 -1.871294
0.047720 -1.862051
0.047740 -1.852754
0.047760 -1.843403
0.047780 -1.833997
0.047800 -1.824537
0.047820 -1.815023
0.047840 -1.805454
0.047860 -1.795831
0.047880 -1.786154
0.047900 -1.776423
0.047920 -1.766637
0.047940 -1.756798
0.047960 -1.746904
0.047980 -1.736957
0.048000 -1.726955
0.048020 -1.716899
0.048040 -1.706790
0.048060 -1.696626
0.048080 -1.686409
0.048100 -1.676137
0.048120 -1.665812
0.048140 -1.655433
0.048160 -1.645001
0.048180 -1.634514
0.048200 -1.623974
0.048220 -1.613381
0.048240 -1.602733
0.048260 -1.592032
0.048280 -1.581278
0.048300 -1.570470
0.048320 -1.559608
0.048340 -1.548693
0.048360 -1.537725
0.048380 -1.526703
0.048400 -1.515628
0.048420 -1.504499
0.048440 -1.493318
0.048460 -1.482082
0.048480 -1.470794
0.048500 -1.459452
0.048520 -1.448058
0.048540 -1.436610
0.048560 -1.425109
0.048580 -1.413555
0.048600 -1.401948
0.048620 -1.390287
0.048640 -1.378574
0.048660 -1.366808
0.048680 -1.354989
0.048700 -1.343117
0.048720 -1.331192
0.048740 -1.319215
0.048760 -1.307184
0.048780 -1.295101
0.048800 -1.282965
0.048820 -1.270776
0.048840 -1.258535
0.048860 -1.246241
0.048880 -1.233895
0.048900 -1.221496
0.048920 -1.209044
0.048940 -1.196540
0.048960 -1.183983
0.048980 -1.171374
0.049000 -1.158712
0.049020 -1.145999
0.049040 -1.133232
0.049060 -1.120414
0.049080 -1.107543
0.049100 -1.094620
0.049120 -1.081644
0.049140 -1.068617
0.049160 -1.055537
0.049180 -1.042405
0.049200 -1.029221
0.049220 -1.015985
0.049240 -1.002697
0.049260 -0.989357
0.049280 -0.975965
0.049300 -0.962521
0.049320 -0.949025
0.049340 -0.935477
0.049360 -0.921877
0.049380 -0.908226
0.049400 -0.894522
0.049420 -0.880767
0.049440 -0.866960
0.049460 -0.853102
0.049480 -0.839192
0.049500 -0.825230
0.049520 -0.811216
0.049540 -0.797151
0.049560 -0.783035
0.049580 -0.768867
0.049600 -0.754647
0.049620 -0.740376
0.049640 -0.726054
0.049660 -0.711680
0.049680 -0.697255
0.049700 -0.682778
0.049720 -0.668250
0.049740 -0.653671
0.049760 -0.639041
0.049780 -0.624359
0.049800 -0.609627
0.049820 -0.594843
0.049840 -0.580008
0.049860 -0.565122
0.049880 -0.550185
0.049900 -0.535197
0.049920 -0.520158
0.049940 -0.505068
0.049960 -0.489927
0.049980 -0.474735
